<?xml version="1.0" encoding="UTF-8"?>
<testng-results skipped="0" failed="0" ignored="0" total="1" passed="1">
  <reporter-output>
  </reporter-output>
  <suite name="Default suite" duration-ms="37614" started-at="2017-03-11T04:09:34Z" finished-at="2017-03-11T04:10:12Z">
    <groups>
    </groups>
    <test name="Default test" duration-ms="37614" started-at="2017-03-11T04:09:34Z" finished-at="2017-03-11T04:10:12Z">
      <class name="TestPackage.HRM">
        <test-method status="PASS" signature="beforeMethod()[pri:0, instance:TestPackage.HRM@5b275dab]" name="beforeMethod" is-config="true" duration-ms="22807" started-at="2017-03-11T09:39:34Z" finished-at="2017-03-11T09:39:57Z">
          <reporter-output>
          </reporter-output>
        </test-method> <!-- beforeMethod -->
        <test-method status="PASS" signature="f()[pri:0, instance:TestPackage.HRM@5b275dab]" name="f" duration-ms="13597" started-at="2017-03-11T09:39:57Z" finished-at="2017-03-11T09:40:11Z">
          <reporter-output>
          </reporter-output>
        </test-method> <!-- f -->
        <test-method status="PASS" signature="afterMethod()[pri:0, instance:TestPackage.HRM@5b275dab]" name="afterMethod" is-config="true" duration-ms="1176" started-at="2017-03-11T09:40:11Z" finished-at="2017-03-11T09:40:12Z">
          <reporter-output>
          </reporter-output>
        </test-method> <!-- afterMethod -->
      </class> <!-- TestPackage.HRM -->
    </test> <!-- Default test -->
  </suite> <!-- Default suite -->
</testng-results>
