<?xml version="1.0" encoding="UTF-8"?>
<testng-results skipped="0" failed="0" total="1" passed="1">
  <reporter-output>
  </reporter-output>
  <suite name="Default suite" duration-ms="11268" started-at="2015-10-18T07:33:46Z" finished-at="2015-10-18T07:33:57Z">
    <groups>
    </groups>
    <test name="Default test" duration-ms="11268" started-at="2015-10-18T07:33:46Z" finished-at="2015-10-18T07:33:57Z">
      <class name="org.ORHRM.TestCases.LoginTest">
        <test-method status="PASS" signature="beforeMethod()[pri:0, instance:org.ORHRM.TestCases.LoginTest@1134affc]" name="beforeMethod" is-config="true" duration-ms="10197" started-at="2015-10-18T13:03:46Z" finished-at="2015-10-18T13:03:56Z">
          <reporter-output>
          </reporter-output>
        </test-method> <!-- beforeMethod -->
        <test-method status="PASS" signature="LoginTest()[pri:0, instance:org.ORHRM.TestCases.LoginTest@1134affc]" name="LoginTest" duration-ms="658" started-at="2015-10-18T13:03:56Z" finished-at="2015-10-18T13:03:56Z">
          <reporter-output>
          </reporter-output>
        </test-method> <!-- LoginTest -->
        <test-method status="PASS" signature="afterMethod()[pri:0, instance:org.ORHRM.TestCases.LoginTest@1134affc]" name="afterMethod" is-config="true" duration-ms="403" started-at="2015-10-18T13:03:56Z" finished-at="2015-10-18T13:03:57Z">
          <reporter-output>
          </reporter-output>
        </test-method> <!-- afterMethod -->
      </class> <!-- org.ORHRM.TestCases.LoginTest -->
    </test> <!-- Default test -->
  </suite> <!-- Default suite -->
</testng-results>
