<?xml version="1.0" encoding="UTF-8"?>
<!-- Generated by org.testng.reporters.JUnitXMLReporter -->
<testsuite hostname="VAIO" ignored="0" name="Test" tests="3" failures="1" timestamp="13 Sep 2018 05:51:33 GMT" time="0.28" errors="0">
  <testcase name="Twitter" time="0.019" classname="TestNGClasses.Test2"/>
  <testcase name="Facebook" time="0.0" classname="TestNGClasses.Test1"/>
  <testcase name="Whatsapp" time="0.016" classname="TestNGClasses.Test3">
    <failure type="java.lang.AssertionError" message="expected [true] but found [false]">
      <![CDATA[java.lang.AssertionError: expected [true] but found [false]
at TestNGClasses.Test3.Whatsapp(Test3.java:11)
... Removed 29 stack frames]]>
    </failure>
  </testcase> <!-- Whatsapp -->
</testsuite> <!-- Test -->
