<?xml version="1.0" encoding="UTF-8"?>
<!-- Generated by org.testng.reporters.JUnitXMLReporter -->
<testsuite hostname="VAIO" ignored="0" name="Default test" tests="3" failures="0" timestamp="12 Mar 2017 03:51:35 GMT" time="0.079" errors="0">
  <testcase name="f" time="0.015" classname="DataProvider_Package.DataProvider123"/>
  <testcase name="f" time="0.016" classname="DataProvider_Package.DataProvider123"/>
  <testcase name="f" time="0.016" classname="DataProvider_Package.DataProvider123"/>
</testsuite> <!-- Default test -->
