<?xml version="1.0" encoding="UTF-8"?>
<!-- Generated by org.testng.reporters.JUnitXMLReporter -->
<testsuite hostname="VAIO" ignored="0" name="Default test" tests="4" failures="0" timestamp="11 Mar 2017 04:23:32 GMT" time="0.069" errors="0">
  <testcase name="Thrid" time="0.02" classname="Testgn3.FiveClass"/>
  <testcase name="first" time="0.0" classname="Testgn3.FiveClass"/>
  <testcase name="Second" time="0.0" classname="Testgn3.FiveClass"/>
  <testcase name="fourth" time="0.0" classname="Testgn3.FiveClass"/>
</testsuite> <!-- Default test -->
