<?xml version="1.0" encoding="UTF-8"?>
<!-- Generated by org.testng.reporters.JUnitXMLReporter -->
<testsuite hostname="VAIO" ignored="0" name="Test(failed)" tests="1" failures="1" timestamp="13 Sep 2018 06:12:07 GMT" time="0.169" errors="0">
  <testcase name="Whatsapp" time="0.016" classname="TestNGClasses.Test3">
    <failure type="java.lang.AssertionError" message="expected [true] but found [false]">
      <![CDATA[java.lang.AssertionError: expected [true] but found [false]
at TestNGClasses.Test3.Whatsapp(Test3.java:11)
at Runner.TestRunner.main(TestRunner.java:21)
... Removed 26 stack frames]]>
    </failure>
  </testcase> <!-- Whatsapp -->
</testsuite> <!-- Test(failed) -->
