<?xml version="1.0" encoding="UTF-8"?>
<testng-results skipped="0" failed="0" ignored="0" total="2" passed="2">
  <reporter-output>
  </reporter-output>
  <suite name="Default suite" duration-ms="94" started-at="2017-11-08T15:44:36Z" finished-at="2017-11-08T15:44:36Z">
    <groups>
    </groups>
    <test name="Default test" duration-ms="94" started-at="2017-11-08T15:44:36Z" finished-at="2017-11-08T15:44:36Z">
      <class name="TestGn_Firest.Testgn_TC">
        <test-method status="PASS" signature="beforeSuite()[pri:0, instance:TestGn_Firest.Testgn_TC@1810399e]" name="beforeSuite" is-config="true" duration-ms="13" started-at="2017-11-08T21:14:36Z" finished-at="2017-11-08T21:14:36Z">
          <reporter-output>
          </reporter-output>
        </test-method> <!-- beforeSuite -->
        <test-method status="PASS" signature="beforeTest()[pri:0, instance:TestGn_Firest.Testgn_TC@1810399e]" name="beforeTest" is-config="true" duration-ms="1" started-at="2017-11-08T21:14:36Z" finished-at="2017-11-08T21:14:36Z">
          <reporter-output>
          </reporter-output>
        </test-method> <!-- beforeTest -->
        <test-method status="PASS" signature="beforeClass()[pri:0, instance:TestGn_Firest.Testgn_TC@1810399e]" name="beforeClass" is-config="true" duration-ms="0" started-at="2017-11-08T21:14:36Z" finished-at="2017-11-08T21:14:36Z">
          <reporter-output>
          </reporter-output>
        </test-method> <!-- beforeClass -->
        <test-method status="PASS" signature="beforeMethod()[pri:0, instance:TestGn_Firest.Testgn_TC@1810399e]" name="beforeMethod" is-config="true" duration-ms="1" started-at="2017-11-08T21:14:36Z" finished-at="2017-11-08T21:14:36Z">
          <reporter-output>
          </reporter-output>
        </test-method> <!-- beforeMethod -->
        <test-method status="PASS" signature="Testgm()[pri:0, instance:TestGn_Firest.Testgn_TC@1810399e]" name="Testgm" duration-ms="35" started-at="2017-11-08T21:14:36Z" finished-at="2017-11-08T21:14:36Z">
          <reporter-output>
          </reporter-output>
        </test-method> <!-- Testgm -->
        <test-method status="PASS" signature="afterMethod()[pri:0, instance:TestGn_Firest.Testgn_TC@1810399e]" name="afterMethod" is-config="true" duration-ms="1" started-at="2017-11-08T21:14:36Z" finished-at="2017-11-08T21:14:36Z">
          <reporter-output>
          </reporter-output>
        </test-method> <!-- afterMethod -->
        <test-method status="PASS" signature="beforeMethod()[pri:0, instance:TestGn_Firest.Testgn_TC@1810399e]" name="beforeMethod" is-config="true" duration-ms="1" started-at="2017-11-08T21:14:36Z" finished-at="2017-11-08T21:14:36Z">
          <reporter-output>
          </reporter-output>
        </test-method> <!-- beforeMethod -->
        <test-method status="PASS" signature="f()[pri:0, instance:TestGn_Firest.Testgn_TC@1810399e]" name="f" duration-ms="4" started-at="2017-11-08T21:14:36Z" finished-at="2017-11-08T21:14:36Z">
          <reporter-output>
          </reporter-output>
        </test-method> <!-- f -->
        <test-method status="PASS" signature="afterMethod()[pri:0, instance:TestGn_Firest.Testgn_TC@1810399e]" name="afterMethod" is-config="true" duration-ms="1" started-at="2017-11-08T21:14:36Z" finished-at="2017-11-08T21:14:36Z">
          <reporter-output>
          </reporter-output>
        </test-method> <!-- afterMethod -->
        <test-method status="PASS" signature="afterClass()[pri:0, instance:TestGn_Firest.Testgn_TC@1810399e]" name="afterClass" is-config="true" duration-ms="1" started-at="2017-11-08T21:14:36Z" finished-at="2017-11-08T21:14:36Z">
          <reporter-output>
          </reporter-output>
        </test-method> <!-- afterClass -->
        <test-method status="PASS" signature="afterTest()[pri:0, instance:TestGn_Firest.Testgn_TC@1810399e]" name="afterTest" is-config="true" duration-ms="0" started-at="2017-11-08T21:14:36Z" finished-at="2017-11-08T21:14:36Z">
          <reporter-output>
          </reporter-output>
        </test-method> <!-- afterTest -->
        <test-method status="PASS" signature="afterSuite()[pri:0, instance:TestGn_Firest.Testgn_TC@1810399e]" name="afterSuite" is-config="true" duration-ms="1" started-at="2017-11-08T21:14:36Z" finished-at="2017-11-08T21:14:36Z">
          <reporter-output>
          </reporter-output>
        </test-method> <!-- afterSuite -->
      </class> <!-- TestGn_Firest.Testgn_TC -->
    </test> <!-- Default test -->
  </suite> <!-- Default suite -->
</testng-results>
